2020-07-23 10:23:33,161 WARN   - QMetaObject::connectSlotsByName: No matching signal for on_orgDepSlider_changed(int)
2020-07-23 10:23:33,161 WARN   - QMetaObject::connectSlotsByName: No matching signal for on_boardingSlider_changed(int)
2020-07-23 10:23:33,161 WARN   - QMetaObject::connectSlotsByName: No matching signal for on_notBoardingSlider_changed(int)
2020-07-23 10:23:33,161 WARN   - QMetaObject::connectSlotsByName: No matching signal for on_removeRow_clicked(int)
2020-07-23 10:23:33,210 WARN   - QMetaObject::connectSlotsByName: No matching signal for on_orgDepSlider_changed(int)
2020-07-23 10:23:33,210 WARN   - QMetaObject::connectSlotsByName: No matching signal for on_boardingSlider_changed(int)
2020-07-23 10:23:33,210 WARN   - QMetaObject::connectSlotsByName: No matching signal for on_notBoardingSlider_changed(int)
2020-07-23 10:23:33,210 WARN   - QMetaObject::connectSlotsByName: No matching signal for on_removeRow_clicked(int)
2020-07-23 10:26:19,596 WARN   - QMetaObject::connectSlotsByName: No matching signal for on_orgDepSlider_changed(int)
2020-07-23 10:26:19,596 WARN   - QMetaObject::connectSlotsByName: No matching signal for on_boardingSlider_changed(int)
2020-07-23 10:26:19,596 WARN   - QMetaObject::connectSlotsByName: No matching signal for on_notBoardingSlider_changed(int)
2020-07-23 10:26:19,596 WARN   - QMetaObject::connectSlotsByName: No matching signal for on_removeRow_clicked(int)
2020-07-23 10:26:19,625 WARN   - QMetaObject::connectSlotsByName: No matching signal for on_orgDepSlider_changed(int)
2020-07-23 10:26:19,625 WARN   - QMetaObject::connectSlotsByName: No matching signal for on_boardingSlider_changed(int)
2020-07-23 10:26:19,625 WARN   - QMetaObject::connectSlotsByName: No matching signal for on_notBoardingSlider_changed(int)
2020-07-23 10:26:19,625 WARN   - QMetaObject::connectSlotsByName: No matching signal for on_removeRow_clicked(int)
2020-07-23 10:27:01,914 ERROR FlowReviewResponse HttpAPI::get(const FlowReviewRequest&) - "LIBPostSynEx failed, res: 7" QThread(0x2719f80)
2020-07-23 10:27:07,093 ERROR FlowReviewResponse HttpAPI::get(const FlowReviewRequest&) - "LIBPostSynEx failed, res: 7" QThread(0x2719f80)
2020-07-23 11:10:54,279 WARN   - QMetaObject::connectSlotsByName: No matching signal for on_orgDepSlider_changed(int)
2020-07-23 11:10:54,279 WARN   - QMetaObject::connectSlotsByName: No matching signal for on_boardingSlider_changed(int)
2020-07-23 11:10:54,279 WARN   - QMetaObject::connectSlotsByName: No matching signal for on_notBoardingSlider_changed(int)
2020-07-23 11:10:54,279 WARN   - QMetaObject::connectSlotsByName: No matching signal for on_removeRow_clicked(int)
2020-07-23 11:10:54,338 WARN   - QMetaObject::connectSlotsByName: No matching signal for on_orgDepSlider_changed(int)
2020-07-23 11:10:54,338 WARN   - QMetaObject::connectSlotsByName: No matching signal for on_boardingSlider_changed(int)
2020-07-23 11:10:54,338 WARN   - QMetaObject::connectSlotsByName: No matching signal for on_notBoardingSlider_changed(int)
2020-07-23 11:10:54,338 WARN   - QMetaObject::connectSlotsByName: No matching signal for on_removeRow_clicked(int)
2020-07-23 11:16:32,641 WARN   - QMetaObject::connectSlotsByName: No matching signal for on_orgDepSlider_changed(int)
2020-07-23 11:16:32,641 WARN   - QMetaObject::connectSlotsByName: No matching signal for on_boardingSlider_changed(int)
2020-07-23 11:16:32,641 WARN   - QMetaObject::connectSlotsByName: No matching signal for on_notBoardingSlider_changed(int)
2020-07-23 11:16:32,641 WARN   - QMetaObject::connectSlotsByName: No matching signal for on_removeRow_clicked(int)
2020-07-23 11:16:32,671 WARN   - QMetaObject::connectSlotsByName: No matching signal for on_orgDepSlider_changed(int)
2020-07-23 11:16:32,671 WARN   - QMetaObject::connectSlotsByName: No matching signal for on_boardingSlider_changed(int)
2020-07-23 11:16:32,671 WARN   - QMetaObject::connectSlotsByName: No matching signal for on_notBoardingSlider_changed(int)
2020-07-23 11:16:32,671 WARN   - QMetaObject::connectSlotsByName: No matching signal for on_removeRow_clicked(int)
2020-07-23 11:16:51,380 DEBUG FlowReviewResponse HttpAPI::get(const FlowReviewRequest&) - document:  QJsonDocument({"msg":"IpAddr is forbidden!","reqId":"c389a65df3cb4f7d996f87ec94e3ba70","status":401,"sysTime":"20200723111650"})
2020-07-23 11:19:16,033 DEBUG FlowReviewResponse HttpAPI::get(const FlowReviewRequest&) - document:  QJsonDocument({"msg":"IpAddr is forbidden!","reqId":"05a309faa85a4f57978335d63b3dc605","status":401,"sysTime":"20200723111915"})
2020-07-23 11:20:55,296 DEBUG FlowReviewResponse HttpAPI::get(const FlowReviewRequest&) - document:  QJsonDocument({"msg":"IpAddr is forbidden!","reqId":"ad1fea3abcb44ce1b9e981941c28c80d","status":401,"sysTime":"20200723112054"})
2020-07-23 11:22:26,682 DEBUG FlowReviewResponse HttpAPI::get(const FlowReviewRequest&) - document:  QJsonDocument({"msg":"Success","reqId":"1069a482dcb948c6a46086e67e6e956f","result":[{"boardingInfo":null,"isBaby":1,"reviewInfo":{"channelName":"A通道","deviceId":"T1AF001","gateNo":"T1AF1","id":"a6c4314b6bad44c18cb14ba3a83b425b","passStatus":0,"passTime":"20200723110752","passType":2,"photoPath":"http://172.18.2.25:9090/data-platform-server/api/v1/resource/group1/M00/0F/E1/oYYBAF8Y_xmAV_YiAABBAmdmPMw124.jpg"},"securityInfo":{"channelName":"A通道","deviceId":"T1AJ01","gateNo":"T1AJ1","passStatus":2,"passTime":"20200723110559","passType":3,"photoPath":"http://172.18.2.25:9090/data-platform-server/api/v1/resource/group1/M00/0E/2C/ooYBAF8Y_rWAaYgvAABBAmdmPMw595.jpg","uuId":"b4ddadb4916f4af5bb71d27a622e8375"},"transferInfo":null,"userInfo":{"boardingNumber":"005","certificateNumber":null,"endPort":null,"flightDay":"20200723","flightInfos":null,"flightNo":"GS6699","gateNo":"02A","hasBaby":1,"isDelete":0,"isFocus":0,"isSpecialChannel":0,"moreTicket":0,"passengerEnglishName":null,"passengerName":null,"seatId":"INF","startPort":"CQU"}},{"boardingInfo":null,"reviewInfo":{"channelName":"A通道","deviceId":"T1AF001","gateNo":"T1AF1","id":"2dad53e473ed4699a9d448369f3317fc","passStatus":0,"passTime":"20200723110829","passType":2,"photoPath":"http://172.18.2.25:9090/data-platform-server/api/v1/resource/group1/M00/0E/2C/ooYBAF8Y_0uAeJF3AABMBdQi4LY089.jpg"},"securityInfo":{"channelName":"A通道","deviceId":"T1AJ01","gateNo":"T1AJ1","passStatus":2,"passTime":"20200723110655","passType":3,"photoPath":"http://172.18.2.25:9090/data-platform-server/api/v1/resource/group1/M00/0F/E1/oYYBAF8Y_uCALJEDAABMBdQi4LY393.jpg","uuId":"9e589109e6ad4da3b0935160dc860191"},"transferInfo":null,"userInfo":{"boardingNumber":"005","certificateNumber":null,"endPort":null,"flightDay":"20200723","flightInfos":null,"flightNo":"GS6699","gateNo":"02A","hasBaby":1,"isDelete":0,"isFocus":0,"isSpecialChannel":0,"moreTicket":0,"passengerEnglishName":null,"passengerName":null,"seatId":"019F","startPort":"CQU"}},{"boardingInfo":null,"reviewInfo":{"channelName":"A通道","deviceId":"T1AF001","gateNo":"T1AF1","id":"bd0f9b5995644d838159cdef722cae4a","passStatus":0,"passTime":"20200723110748","passType":2,"photoPath":"http://172.18.2.25:9090/data-platform-server/api/v1/resource/group1/M00/0E/2C/ooYBAF8Y_yKAP9VTAAAquKjOT30428.jpg"},"securityInfo":{"channelName":"A通道","deviceId":"T1AJ01","gateNo":"T1AJ1","passStatus":2,"passTime":"20200723110548","passType":3,"photoPath":"http://172.18.2.25:9090/data-platform-server/api/v1/resource/group1/M00/0E/2C/ooYBAF8Y_qqAPGOvAAAquKjOT30701.jpg","uuId":"0b8018dd7d2a4e0c9142b2015560440f"},"transferInfo":null,"userInfo":{"boardingNumber":"005","certificateNumber":null,"endPort":null,"flightDay":"20200723","flightInfos":null,"flightNo":"GS6699","gateNo":"02A","hasBaby":1,"isDelete":0,"isFocus":0,"isSpecialChannel":0,"moreTicket":0,"passengerEnglishName":null,"passengerName":null,"seatId":"019E","startPort":"CQU"}}],"status":0})
2020-07-23 11:23:07,925 DEBUG FlowReviewResponse HttpAPI::get(const FlowReviewRequest&) - document:  QJsonDocument({"msg":"Success","reqId":"5e02d27240fc4d66a005ae1520605162","result":[{"boardingInfo":null,"isBaby":1,"reviewInfo":{"channelName":"A通道","deviceId":"T1AF001","gateNo":"T1AF1","id":"a6c4314b6bad44c18cb14ba3a83b425b","passStatus":0,"passTime":"20200723110752","passType":2,"photoPath":"http://172.18.2.25:9090/data-platform-server/api/v1/resource/group1/M00/0F/E1/oYYBAF8Y_xmAV_YiAABBAmdmPMw124.jpg"},"securityInfo":{"channelName":"A通道","deviceId":"T1AJ01","gateNo":"T1AJ1","passStatus":2,"passTime":"20200723110559","passType":3,"photoPath":"http://172.18.2.25:9090/data-platform-server/api/v1/resource/group1/M00/0E/2C/ooYBAF8Y_rWAaYgvAABBAmdmPMw595.jpg","uuId":"b4ddadb4916f4af5bb71d27a622e8375"},"transferInfo":null,"userInfo":{"boardingNumber":"005","certificateNumber":null,"endPort":null,"flightDay":"20200723","flightInfos":null,"flightNo":"GS6699","gateNo":"02A","hasBaby":1,"isDelete":0,"isFocus":0,"isSpecialChannel":0,"moreTicket":0,"passengerEnglishName":null,"passengerName":null,"seatId":"INF","startPort":"CQU"}},{"boardingInfo":null,"reviewInfo":{"channelName":"A通道","deviceId":"T1AF001","gateNo":"T1AF1","id":"2dad53e473ed4699a9d448369f3317fc","passStatus":0,"passTime":"20200723110829","passType":2,"photoPath":"http://172.18.2.25:9090/data-platform-server/api/v1/resource/group1/M00/0E/2C/ooYBAF8Y_0uAeJF3AABMBdQi4LY089.jpg"},"securityInfo":{"channelName":"A通道","deviceId":"T1AJ01","gateNo":"T1AJ1","passStatus":2,"passTime":"20200723110655","passType":3,"photoPath":"http://172.18.2.25:9090/data-platform-server/api/v1/resource/group1/M00/0F/E1/oYYBAF8Y_uCALJEDAABMBdQi4LY393.jpg","uuId":"9e589109e6ad4da3b0935160dc860191"},"transferInfo":null,"userInfo":{"boardingNumber":"005","certificateNumber":null,"endPort":null,"flightDay":"20200723","flightInfos":null,"flightNo":"GS6699","gateNo":"02A","hasBaby":1,"isDelete":0,"isFocus":0,"isSpecialChannel":0,"moreTicket":0,"passengerEnglishName":null,"passengerName":null,"seatId":"019F","startPort":"CQU"}},{"boardingInfo":null,"reviewInfo":{"channelName":"A通道","deviceId":"T1AF001","gateNo":"T1AF1","id":"bd0f9b5995644d838159cdef722cae4a","passStatus":0,"passTime":"20200723110748","passType":2,"photoPath":"http://172.18.2.25:9090/data-platform-server/api/v1/resource/group1/M00/0E/2C/ooYBAF8Y_yKAP9VTAAAquKjOT30428.jpg"},"securityInfo":{"channelName":"A通道","deviceId":"T1AJ01","gateNo":"T1AJ1","passStatus":2,"passTime":"20200723110548","passType":3,"photoPath":"http://172.18.2.25:9090/data-platform-server/api/v1/resource/group1/M00/0E/2C/ooYBAF8Y_qqAPGOvAAAquKjOT30701.jpg","uuId":"0b8018dd7d2a4e0c9142b2015560440f"},"transferInfo":null,"userInfo":{"boardingNumber":"005","certificateNumber":null,"endPort":null,"flightDay":"20200723","flightInfos":null,"flightNo":"GS6699","gateNo":"02A","hasBaby":1,"isDelete":0,"isFocus":0,"isSpecialChannel":0,"moreTicket":0,"passengerEnglishName":null,"passengerName":null,"seatId":"019E","startPort":"CQU"}}],"status":0})
2020-07-23 12:19:09,917 WARN   - QMetaObject::connectSlotsByName: No matching signal for on_orgDepSlider_changed(int)
2020-07-23 12:19:09,917 WARN   - QMetaObject::connectSlotsByName: No matching signal for on_boardingSlider_changed(int)
2020-07-23 12:19:09,917 WARN   - QMetaObject::connectSlotsByName: No matching signal for on_notBoardingSlider_changed(int)
2020-07-23 12:19:09,917 WARN   - QMetaObject::connectSlotsByName: No matching signal for on_removeRow_clicked(int)
2020-07-23 12:19:09,949 WARN   - QMetaObject::connectSlotsByName: No matching signal for on_orgDepSlider_changed(int)
2020-07-23 12:19:09,949 WARN   - QMetaObject::connectSlotsByName: No matching signal for on_boardingSlider_changed(int)
2020-07-23 12:19:09,949 WARN   - QMetaObject::connectSlotsByName: No matching signal for on_notBoardingSlider_changed(int)
2020-07-23 12:19:09,949 WARN   - QMetaObject::connectSlotsByName: No matching signal for on_removeRow_clicked(int)
2020-07-23 12:19:20,836 DEBUG FlowReviewResponse HttpAPI::get(const FlowReviewRequest&) - document:  QJsonDocument({"msg":"Success","reqId":"2539c92d12bb46e9a4899115d2c096dd","result":[{"boardingInfo":null,"isBaby":1,"reviewInfo":{"channelName":"A通道","deviceId":"T1AF001","gateNo":"T1AF1","id":"a6c4314b6bad44c18cb14ba3a83b425b","passStatus":0,"passTime":"20200723110752","passType":2,"photoPath":"http://172.18.2.25:9090/data-platform-server/api/v1/resource/group1/M00/0F/E1/oYYBAF8Y_xmAV_YiAABBAmdmPMw124.jpg"},"securityInfo":{"channelName":"A通道","deviceId":"T1AJ01","gateNo":"T1AJ1","passStatus":2,"passTime":"20200723110559","passType":3,"photoPath":"http://172.18.2.25:9090/data-platform-server/api/v1/resource/group1/M00/0E/2C/ooYBAF8Y_rWAaYgvAABBAmdmPMw595.jpg","uuId":"b4ddadb4916f4af5bb71d27a622e8375"},"transferInfo":null,"userInfo":{"boardingNumber":"005","certificateNumber":null,"endPort":null,"flightDay":"20200723","flightInfos":null,"flightNo":"GS6699","gateNo":"02A","hasBaby":1,"isDelete":0,"isFocus":0,"isSpecialChannel":0,"moreTicket":0,"passengerEnglishName":null,"passengerName":null,"seatId":"INF","startPort":"CQU"}},{"boardingInfo":null,"reviewInfo":{"channelName":"A通道","deviceId":"T1AF001","gateNo":"T1AF1","id":"2dad53e473ed4699a9d448369f3317fc","passStatus":0,"passTime":"20200723110829","passType":2,"photoPath":"http://172.18.2.25:9090/data-platform-server/api/v1/resource/group1/M00/0E/2C/ooYBAF8Y_0uAeJF3AABMBdQi4LY089.jpg"},"securityInfo":{"channelName":"A通道","deviceId":"T1AJ01","gateNo":"T1AJ1","passStatus":2,"passTime":"20200723110655","passType":3,"photoPath":"http://172.18.2.25:9090/data-platform-server/api/v1/resource/group1/M00/0F/E1/oYYBAF8Y_uCALJEDAABMBdQi4LY393.jpg","uuId":"9e589109e6ad4da3b0935160dc860191"},"transferInfo":null,"userInfo":{"boardingNumber":"005","certificateNumber":null,"endPort":null,"flightDay":"20200723","flightInfos":null,"flightNo":"GS6699","gateNo":"02A","hasBaby":1,"isDelete":0,"isFocus":0,"isSpecialChannel":0,"moreTicket":0,"passengerEnglishName":null,"passengerName":null,"seatId":"019F","startPort":"CQU"}},{"boardingInfo":null,"reviewInfo":{"channelName":"A通道","deviceId":"T1AF001","gateNo":"T1AF1","id":"bd0f9b5995644d838159cdef722cae4a","passStatus":0,"passTime":"20200723110748","passType":2,"photoPath":"http://172.18.2.25:9090/data-platform-server/api/v1/resource/group1/M00/0E/2C/ooYBAF8Y_yKAP9VTAAAquKjOT30428.jpg"},"securityInfo":{"channelName":"A通道","deviceId":"T1AJ01","gateNo":"T1AJ1","passStatus":2,"passTime":"20200723110548","passType":3,"photoPath":"http://172.18.2.25:9090/data-platform-server/api/v1/resource/group1/M00/0E/2C/ooYBAF8Y_qqAPGOvAAAquKjOT30701.jpg","uuId":"0b8018dd7d2a4e0c9142b2015560440f"},"transferInfo":null,"userInfo":{"boardingNumber":"005","certificateNumber":null,"endPort":null,"flightDay":"20200723","flightInfos":null,"flightNo":"GS6699","gateNo":"02A","hasBaby":1,"isDelete":0,"isFocus":0,"isSpecialChannel":0,"moreTicket":0,"passengerEnglishName":null,"passengerName":null,"seatId":"019E","startPort":"CQU"}}],"status":0})
2020-07-23 14:17:22,840 WARN   - QMetaObject::connectSlotsByName: No matching signal for on_orgDepSlider_changed(int)
2020-07-23 14:17:22,840 WARN   - QMetaObject::connectSlotsByName: No matching signal for on_boardingSlider_changed(int)
2020-07-23 14:17:22,840 WARN   - QMetaObject::connectSlotsByName: No matching signal for on_notBoardingSlider_changed(int)
2020-07-23 14:17:22,840 WARN   - QMetaObject::connectSlotsByName: No matching signal for on_removeRow_clicked(int)
2020-07-23 14:17:22,870 WARN   - QMetaObject::connectSlotsByName: No matching signal for on_orgDepSlider_changed(int)
2020-07-23 14:17:22,870 WARN   - QMetaObject::connectSlotsByName: No matching signal for on_boardingSlider_changed(int)
2020-07-23 14:17:22,870 WARN   - QMetaObject::connectSlotsByName: No matching signal for on_notBoardingSlider_changed(int)
2020-07-23 14:17:22,870 WARN   - QMetaObject::connectSlotsByName: No matching signal for on_removeRow_clicked(int)
2020-07-23 14:31:45,977 WARN   - QMetaObject::connectSlotsByName: No matching signal for on_orgDepSlider_changed(int)
2020-07-23 14:31:45,977 WARN   - QMetaObject::connectSlotsByName: No matching signal for on_boardingSlider_changed(int)
2020-07-23 14:31:45,977 WARN   - QMetaObject::connectSlotsByName: No matching signal for on_notBoardingSlider_changed(int)
2020-07-23 14:31:45,977 WARN   - QMetaObject::connectSlotsByName: No matching signal for on_removeRow_clicked(int)
2020-07-23 14:31:46,006 WARN   - QMetaObject::connectSlotsByName: No matching signal for on_orgDepSlider_changed(int)
2020-07-23 14:31:46,006 WARN   - QMetaObject::connectSlotsByName: No matching signal for on_boardingSlider_changed(int)
2020-07-23 14:31:46,006 WARN   - QMetaObject::connectSlotsByName: No matching signal for on_notBoardingSlider_changed(int)
2020-07-23 14:31:46,006 WARN   - QMetaObject::connectSlotsByName: No matching signal for on_removeRow_clicked(int)
2020-07-23 14:31:56,708 DEBUG FlightReviewResponse HttpAPI::get(const FlightReviewRequest&) - FlightReviewRequest:  QJsonObject({"boardingGate":"02","date":"2020-07-23","flightNo":"GS6699","gateNo":"T1AF10","isCount":1,"pageNum":1,"pageSize":1000,"queryType":3,"reqId":"7b979917ca1c4750bab7fa8f2e36d079"})
2020-07-23 14:31:56,782 DEBUG int FlightEnquires::query() - Queried Flight Not Found!!
2020-07-23 14:33:59,270 WARN   - QMetaObject::connectSlotsByName: No matching signal for on_orgDepSlider_changed(int)
2020-07-23 14:33:59,270 WARN   - QMetaObject::connectSlotsByName: No matching signal for on_boardingSlider_changed(int)
2020-07-23 14:33:59,270 WARN   - QMetaObject::connectSlotsByName: No matching signal for on_notBoardingSlider_changed(int)
2020-07-23 14:33:59,270 WARN   - QMetaObject::connectSlotsByName: No matching signal for on_removeRow_clicked(int)
2020-07-23 14:33:59,299 WARN   - QMetaObject::connectSlotsByName: No matching signal for on_orgDepSlider_changed(int)
2020-07-23 14:33:59,299 WARN   - QMetaObject::connectSlotsByName: No matching signal for on_boardingSlider_changed(int)
2020-07-23 14:33:59,299 WARN   - QMetaObject::connectSlotsByName: No matching signal for on_notBoardingSlider_changed(int)
2020-07-23 14:33:59,299 WARN   - QMetaObject::connectSlotsByName: No matching signal for on_removeRow_clicked(int)
2020-07-23 14:34:07,180 DEBUG FlightReviewResponse HttpAPI::get(const FlightReviewRequest&) - FlightReviewRequest:  QJsonObject({"boardingGate":"02","date":"2020-07-23","flightNo":"GS6699","gateNo":"T1AF10","isCount":1,"pageNum":1,"pageSize":1000,"queryType":3,"reqId":"0467cfebf88447fc846af4e34c59a207"})
2020-07-23 14:34:07,181 ERROR FlightReviewResponse HttpAPI::get(const FlightReviewRequest&) - "LIBPostSynEx failed, res: 7" QThread(0x1992f80)
2020-07-23 14:35:12,457 DEBUG FlightReviewResponse HttpAPI::get(const FlightReviewRequest&) - FlightReviewRequest:  QJsonObject({"boardingGate":"02","date":"2020-07-23","flightNo":"GS6699","gateNo":"T1AF10","isCount":1,"pageNum":1,"pageSize":1000,"queryType":3,"reqId":"11be6e6dbc5f4c21b80e20f5c5ec0303"})
2020-07-23 14:35:12,457 ERROR FlightReviewResponse HttpAPI::get(const FlightReviewRequest&) - "LIBPostSynEx failed, res: 7" QThread(0x1992f80)
2020-07-23 14:39:16,016 WARN   - QMetaObject::connectSlotsByName: No matching signal for on_orgDepSlider_changed(int)
2020-07-23 14:39:16,016 WARN   - QMetaObject::connectSlotsByName: No matching signal for on_boardingSlider_changed(int)
2020-07-23 14:39:16,016 WARN   - QMetaObject::connectSlotsByName: No matching signal for on_notBoardingSlider_changed(int)
2020-07-23 14:39:16,016 WARN   - QMetaObject::connectSlotsByName: No matching signal for on_removeRow_clicked(int)
2020-07-23 14:39:16,047 WARN   - QMetaObject::connectSlotsByName: No matching signal for on_orgDepSlider_changed(int)
2020-07-23 14:39:16,047 WARN   - QMetaObject::connectSlotsByName: No matching signal for on_boardingSlider_changed(int)
2020-07-23 14:39:16,047 WARN   - QMetaObject::connectSlotsByName: No matching signal for on_notBoardingSlider_changed(int)
2020-07-23 14:39:16,047 WARN   - QMetaObject::connectSlotsByName: No matching signal for on_removeRow_clicked(int)
2020-07-23 14:39:26,854 DEBUG FlowReviewResponse HttpAPI::get(const FlowReviewRequest&) - document:  QJsonDocument({"msg":"Success","reqId":"58b99ef86c6e4d6792e0f9ddc118f5b1","result":[{"boardingInfo":null,"isBaby":1,"reviewInfo":{"channelName":"A通道","deviceId":"T1AF001","gateNo":"T1AF1","id":"a6c4314b6bad44c18cb14ba3a83b425b","passStatus":0,"passTime":"20200723110752","passType":2,"photoPath":"http://172.18.2.25:9090/data-platform-server/api/v1/resource/group1/M00/0F/E1/oYYBAF8Y_xmAV_YiAABBAmdmPMw124.jpg"},"securityInfo":{"channelName":"A通道","deviceId":"T1AJ01","gateNo":"T1AJ1","passStatus":2,"passTime":"20200723110559","passType":3,"photoPath":"http://172.18.2.25:9090/data-platform-server/api/v1/resource/group1/M00/0E/2C/ooYBAF8Y_rWAaYgvAABBAmdmPMw595.jpg","uuId":"b4ddadb4916f4af5bb71d27a622e8375"},"transferInfo":null,"userInfo":{"boardingNumber":"005","certificateNumber":null,"endPort":null,"flightDay":"20200723","flightInfos":null,"flightNo":"GS6699","gateNo":"02A","hasBaby":1,"isDelete":0,"isFocus":0,"isSpecialChannel":0,"moreTicket":0,"passengerEnglishName":null,"passengerName":null,"seatId":"INF","startPort":"CQU"}},{"boardingInfo":null,"reviewInfo":{"channelName":"A通道","deviceId":"T1AF001","gateNo":"T1AF1","id":"2dad53e473ed4699a9d448369f3317fc","passStatus":0,"passTime":"20200723110829","passType":2,"photoPath":"http://172.18.2.25:9090/data-platform-server/api/v1/resource/group1/M00/0E/2C/ooYBAF8Y_0uAeJF3AABMBdQi4LY089.jpg"},"securityInfo":{"channelName":"A通道","deviceId":"T1AJ01","gateNo":"T1AJ1","passStatus":2,"passTime":"20200723110655","passType":3,"photoPath":"http://172.18.2.25:9090/data-platform-server/api/v1/resource/group1/M00/0F/E1/oYYBAF8Y_uCALJEDAABMBdQi4LY393.jpg","uuId":"9e589109e6ad4da3b0935160dc860191"},"transferInfo":null,"userInfo":{"boardingNumber":"005","certificateNumber":null,"endPort":null,"flightDay":"20200723","flightInfos":null,"flightNo":"GS6699","gateNo":"02A","hasBaby":1,"isDelete":0,"isFocus":0,"isSpecialChannel":0,"moreTicket":0,"passengerEnglishName":null,"passengerName":null,"seatId":"019F","startPort":"CQU"}},{"boardingInfo":null,"reviewInfo":{"channelName":"A通道","deviceId":"T1AF001","gateNo":"T1AF1","id":"bd0f9b5995644d838159cdef722cae4a","passStatus":0,"passTime":"20200723110748","passType":2,"photoPath":"http://172.18.2.25:9090/data-platform-server/api/v1/resource/group1/M00/0E/2C/ooYBAF8Y_yKAP9VTAAAquKjOT30428.jpg"},"securityInfo":{"channelName":"A通道","deviceId":"T1AJ01","gateNo":"T1AJ1","passStatus":2,"passTime":"20200723110548","passType":3,"photoPath":"http://172.18.2.25:9090/data-platform-server/api/v1/resource/group1/M00/0E/2C/ooYBAF8Y_qqAPGOvAAAquKjOT30701.jpg","uuId":"0b8018dd7d2a4e0c9142b2015560440f"},"transferInfo":null,"userInfo":{"boardingNumber":"005","certificateNumber":null,"endPort":null,"flightDay":"20200723","flightInfos":null,"flightNo":"GS6699","gateNo":"02A","hasBaby":1,"isDelete":0,"isFocus":0,"isSpecialChannel":0,"moreTicket":0,"passengerEnglishName":null,"passengerName":null,"seatId":"019E","startPort":"CQU"}}],"status":0})
2020-07-23 14:47:53,271 WARN   - QMetaObject::connectSlotsByName: No matching signal for on_orgDepSlider_changed(int)
2020-07-23 14:47:53,271 WARN   - QMetaObject::connectSlotsByName: No matching signal for on_boardingSlider_changed(int)
2020-07-23 14:47:53,271 WARN   - QMetaObject::connectSlotsByName: No matching signal for on_notBoardingSlider_changed(int)
2020-07-23 14:47:53,271 WARN   - QMetaObject::connectSlotsByName: No matching signal for on_removeRow_clicked(int)
2020-07-23 14:47:53,300 WARN   - QMetaObject::connectSlotsByName: No matching signal for on_orgDepSlider_changed(int)
2020-07-23 14:47:53,300 WARN   - QMetaObject::connectSlotsByName: No matching signal for on_boardingSlider_changed(int)
2020-07-23 14:47:53,300 WARN   - QMetaObject::connectSlotsByName: No matching signal for on_notBoardingSlider_changed(int)
2020-07-23 14:47:53,300 WARN   - QMetaObject::connectSlotsByName: No matching signal for on_removeRow_clicked(int)
2020-07-23 14:48:04,643 DEBUG FlightReviewResponse HttpAPI::get(const FlightReviewRequest&) - FlightReviewRequest:  QJsonObject({"boardingGate":"02","date":"2020-07-23","flightNo":"GS6699","gateNo":"T1AF10","isCount":1,"pageNum":1,"pageSize":1000,"queryType":3,"reqId":"0e02b61a9f0e41148e8ddc263773b248"})
2020-07-23 14:48:04,848 DEBUG int FlightEnquires::query() - Queried Flight Not Found!!
2020-07-23 14:51:11,769 WARN   - QMetaObject::connectSlotsByName: No matching signal for on_orgDepSlider_changed(int)
2020-07-23 14:51:11,769 WARN   - QMetaObject::connectSlotsByName: No matching signal for on_boardingSlider_changed(int)
2020-07-23 14:51:11,769 WARN   - QMetaObject::connectSlotsByName: No matching signal for on_notBoardingSlider_changed(int)
2020-07-23 14:51:11,769 WARN   - QMetaObject::connectSlotsByName: No matching signal for on_removeRow_clicked(int)
2020-07-23 14:51:11,797 WARN   - QMetaObject::connectSlotsByName: No matching signal for on_orgDepSlider_changed(int)
2020-07-23 14:51:11,798 WARN   - QMetaObject::connectSlotsByName: No matching signal for on_boardingSlider_changed(int)
2020-07-23 14:51:11,798 WARN   - QMetaObject::connectSlotsByName: No matching signal for on_notBoardingSlider_changed(int)
2020-07-23 14:51:11,798 WARN   - QMetaObject::connectSlotsByName: No matching signal for on_removeRow_clicked(int)
2020-07-23 14:51:23,717 DEBUG FlightReviewResponse HttpAPI::get(const FlightReviewRequest&) - FlightReviewRequest:  QJsonObject({"boardingGate":"02A","date":"2020-07-23","flightNo":"GS6699","gateNo":"T1AF10","isCount":1,"pageNum":1,"pageSize":1000,"queryType":3,"reqId":"c34ef84d288045358a23683514df8eca"})
2020-07-23 14:52:22,037 WARN   - QMetaObject::connectSlotsByName: No matching signal for on_orgDepSlider_changed(int)
2020-07-23 14:52:22,037 WARN   - QMetaObject::connectSlotsByName: No matching signal for on_boardingSlider_changed(int)
2020-07-23 14:52:22,037 WARN   - QMetaObject::connectSlotsByName: No matching signal for on_notBoardingSlider_changed(int)
2020-07-23 14:52:22,037 WARN   - QMetaObject::connectSlotsByName: No matching signal for on_removeRow_clicked(int)
2020-07-23 14:52:22,067 WARN   - QMetaObject::connectSlotsByName: No matching signal for on_orgDepSlider_changed(int)
2020-07-23 14:52:22,067 WARN   - QMetaObject::connectSlotsByName: No matching signal for on_boardingSlider_changed(int)
2020-07-23 14:52:22,067 WARN   - QMetaObject::connectSlotsByName: No matching signal for on_notBoardingSlider_changed(int)
2020-07-23 14:52:22,067 WARN   - QMetaObject::connectSlotsByName: No matching signal for on_removeRow_clicked(int)
2020-07-23 14:52:29,787 DEBUG FlightReviewResponse HttpAPI::get(const FlightReviewRequest&) - FlightReviewRequest:  QJsonObject({"boardingGate":"02A","date":"2020-07-23","flightNo":"GS6699","gateNo":"T1AF10","isCount":1,"pageNum":1,"pageSize":1000,"queryType":3,"reqId":"579bff421d9b4e4992c3b40b674961fa"})
2020-07-23 14:54:53,177 WARN   - QMetaObject::connectSlotsByName: No matching signal for on_orgDepSlider_changed(int)
2020-07-23 14:54:53,177 WARN   - QMetaObject::connectSlotsByName: No matching signal for on_boardingSlider_changed(int)
2020-07-23 14:54:53,177 WARN   - QMetaObject::connectSlotsByName: No matching signal for on_notBoardingSlider_changed(int)
2020-07-23 14:54:53,177 WARN   - QMetaObject::connectSlotsByName: No matching signal for on_removeRow_clicked(int)
2020-07-23 14:54:53,208 WARN   - QMetaObject::connectSlotsByName: No matching signal for on_orgDepSlider_changed(int)
2020-07-23 14:54:53,208 WARN   - QMetaObject::connectSlotsByName: No matching signal for on_boardingSlider_changed(int)
2020-07-23 14:54:53,208 WARN   - QMetaObject::connectSlotsByName: No matching signal for on_notBoardingSlider_changed(int)
2020-07-23 14:54:53,208 WARN   - QMetaObject::connectSlotsByName: No matching signal for on_removeRow_clicked(int)
2020-07-23 14:55:01,719 DEBUG FlightReviewResponse HttpAPI::get(const FlightReviewRequest&) - FlightReviewRequest:  QJsonObject({"boardingGate":"02A","date":"2020-07-23","flightNo":"GS6699","gateNo":"T1AF10","isCount":1,"pageNum":1,"pageSize":1000,"queryType":3,"reqId":"9d84db38bfdb4e41aa850a27fbfc8d52"})
2020-07-23 14:56:55,581 WARN   - QMetaObject::connectSlotsByName: No matching signal for on_orgDepSlider_changed(int)
2020-07-23 14:56:55,581 WARN   - QMetaObject::connectSlotsByName: No matching signal for on_boardingSlider_changed(int)
2020-07-23 14:56:55,581 WARN   - QMetaObject::connectSlotsByName: No matching signal for on_notBoardingSlider_changed(int)
2020-07-23 14:56:55,581 WARN   - QMetaObject::connectSlotsByName: No matching signal for on_removeRow_clicked(int)
2020-07-23 14:56:55,611 WARN   - QMetaObject::connectSlotsByName: No matching signal for on_orgDepSlider_changed(int)
2020-07-23 14:56:55,611 WARN   - QMetaObject::connectSlotsByName: No matching signal for on_boardingSlider_changed(int)
2020-07-23 14:56:55,611 WARN   - QMetaObject::connectSlotsByName: No matching signal for on_notBoardingSlider_changed(int)
2020-07-23 14:56:55,611 WARN   - QMetaObject::connectSlotsByName: No matching signal for on_removeRow_clicked(int)
2020-07-23 14:57:03,527 DEBUG FlightReviewResponse HttpAPI::get(const FlightReviewRequest&) - FlightReviewRequest:  QJsonObject({"boardingGate":"02A","date":"2020-07-23","flightNo":"GS6699","gateNo":"T1AF10","isCount":1,"pageNum":1,"pageSize":1000,"queryType":3,"reqId":"aaa33ecf71f648e28dcfbfc51ae632cf"})
2020-07-23 14:58:14,454 WARN   - QMetaObject::connectSlotsByName: No matching signal for on_orgDepSlider_changed(int)
2020-07-23 14:58:14,454 WARN   - QMetaObject::connectSlotsByName: No matching signal for on_boardingSlider_changed(int)
2020-07-23 14:58:14,454 WARN   - QMetaObject::connectSlotsByName: No matching signal for on_notBoardingSlider_changed(int)
2020-07-23 14:58:14,454 WARN   - QMetaObject::connectSlotsByName: No matching signal for on_removeRow_clicked(int)
2020-07-23 14:58:14,484 WARN   - QMetaObject::connectSlotsByName: No matching signal for on_orgDepSlider_changed(int)
2020-07-23 14:58:14,484 WARN   - QMetaObject::connectSlotsByName: No matching signal for on_boardingSlider_changed(int)
2020-07-23 14:58:14,484 WARN   - QMetaObject::connectSlotsByName: No matching signal for on_notBoardingSlider_changed(int)
2020-07-23 14:58:14,484 WARN   - QMetaObject::connectSlotsByName: No matching signal for on_removeRow_clicked(int)
2020-07-23 14:58:29,184 ERROR int HttpAPI::Init() - "LIBSetHeaderEx res: 2003"
2020-07-23 14:58:29,185 DEBUG FlightReviewResponse HttpAPI::get(const FlightReviewRequest&) - FlightReviewRequest:  QJsonObject({"boardingGate":"02A","date":"2020-07-23","flightNo":"GS6699","gateNo":"T1AF10","isCount":1,"pageNum":1,"pageSize":1000,"queryType":3,"reqId":"1b26af96fbe94c26a06bb1e9444dd65e"})
2020-07-23 14:59:11,089 WARN   - QMetaObject::connectSlotsByName: No matching signal for on_orgDepSlider_changed(int)
2020-07-23 14:59:11,089 WARN   - QMetaObject::connectSlotsByName: No matching signal for on_boardingSlider_changed(int)
2020-07-23 14:59:11,089 WARN   - QMetaObject::connectSlotsByName: No matching signal for on_notBoardingSlider_changed(int)
2020-07-23 14:59:11,089 WARN   - QMetaObject::connectSlotsByName: No matching signal for on_removeRow_clicked(int)
2020-07-23 14:59:11,120 WARN   - QMetaObject::connectSlotsByName: No matching signal for on_orgDepSlider_changed(int)
2020-07-23 14:59:11,120 WARN   - QMetaObject::connectSlotsByName: No matching signal for on_boardingSlider_changed(int)
2020-07-23 14:59:11,120 WARN   - QMetaObject::connectSlotsByName: No matching signal for on_notBoardingSlider_changed(int)
2020-07-23 14:59:11,120 WARN   - QMetaObject::connectSlotsByName: No matching signal for on_removeRow_clicked(int)
2020-07-23 14:59:18,498 DEBUG FlightReviewResponse HttpAPI::get(const FlightReviewRequest&) - FlightReviewRequest:  QJsonObject({"boardingGate":"02A","date":"2020-07-23","flightNo":"GS6699","gateNo":"T1AF10","isCount":1,"pageNum":1,"pageSize":1000,"queryType":3,"reqId":"b761fb6ee1db4941b5e6126b148e2698"})
2020-07-23 14:59:44,964 WARN   - QMetaObject::connectSlotsByName: No matching signal for on_orgDepSlider_changed(int)
2020-07-23 14:59:44,964 WARN   - QMetaObject::connectSlotsByName: No matching signal for on_boardingSlider_changed(int)
2020-07-23 14:59:44,964 WARN   - QMetaObject::connectSlotsByName: No matching signal for on_notBoardingSlider_changed(int)
2020-07-23 14:59:44,964 WARN   - QMetaObject::connectSlotsByName: No matching signal for on_removeRow_clicked(int)
2020-07-23 14:59:44,995 WARN   - QMetaObject::connectSlotsByName: No matching signal for on_orgDepSlider_changed(int)
2020-07-23 14:59:44,995 WARN   - QMetaObject::connectSlotsByName: No matching signal for on_boardingSlider_changed(int)
2020-07-23 14:59:44,995 WARN   - QMetaObject::connectSlotsByName: No matching signal for on_notBoardingSlider_changed(int)
2020-07-23 14:59:44,995 WARN   - QMetaObject::connectSlotsByName: No matching signal for on_removeRow_clicked(int)
2020-07-23 14:59:52,742 DEBUG FlightReviewResponse HttpAPI::get(const FlightReviewRequest&) - FlightReviewRequest:  QJsonObject({"boardingGate":"02A","date":"2020-07-23","flightNo":"GS6699","gateNo":"T1AF10","isCount":1,"pageNum":1,"pageSize":1000,"queryType":3,"reqId":"977dcb6523594e748b83f96e6ebbb239"})
2020-07-23 15:00:26,150 WARN   - QMetaObject::connectSlotsByName: No matching signal for on_orgDepSlider_changed(int)
2020-07-23 15:00:26,150 WARN   - QMetaObject::connectSlotsByName: No matching signal for on_boardingSlider_changed(int)
2020-07-23 15:00:26,150 WARN   - QMetaObject::connectSlotsByName: No matching signal for on_notBoardingSlider_changed(int)
2020-07-23 15:00:26,150 WARN   - QMetaObject::connectSlotsByName: No matching signal for on_removeRow_clicked(int)
2020-07-23 15:00:26,181 WARN   - QMetaObject::connectSlotsByName: No matching signal for on_orgDepSlider_changed(int)
2020-07-23 15:00:26,181 WARN   - QMetaObject::connectSlotsByName: No matching signal for on_boardingSlider_changed(int)
2020-07-23 15:00:26,181 WARN   - QMetaObject::connectSlotsByName: No matching signal for on_notBoardingSlider_changed(int)
2020-07-23 15:00:26,181 WARN   - QMetaObject::connectSlotsByName: No matching signal for on_removeRow_clicked(int)
2020-07-23 15:00:34,493 DEBUG FlightReviewResponse HttpAPI::get(const FlightReviewRequest&) - FlightReviewRequest:  QJsonObject({"boardingGate":"02A","date":"2020-07-23","flightNo":"GS6699","gateNo":"T1AF10","isCount":1,"pageNum":1,"pageSize":1000,"queryType":3,"reqId":"a5f1b0b79dde46e8aa6cd47e0a47bc9a"})
2020-07-23 15:00:50,278 WARN   - QMetaObject::connectSlotsByName: No matching signal for on_orgDepSlider_changed(int)
2020-07-23 15:00:50,278 WARN   - QMetaObject::connectSlotsByName: No matching signal for on_boardingSlider_changed(int)
2020-07-23 15:00:50,278 WARN   - QMetaObject::connectSlotsByName: No matching signal for on_notBoardingSlider_changed(int)
2020-07-23 15:00:50,278 WARN   - QMetaObject::connectSlotsByName: No matching signal for on_removeRow_clicked(int)
2020-07-23 15:00:50,309 WARN   - QMetaObject::connectSlotsByName: No matching signal for on_orgDepSlider_changed(int)
2020-07-23 15:00:50,309 WARN   - QMetaObject::connectSlotsByName: No matching signal for on_boardingSlider_changed(int)
2020-07-23 15:00:50,309 WARN   - QMetaObject::connectSlotsByName: No matching signal for on_notBoardingSlider_changed(int)
2020-07-23 15:00:50,309 WARN   - QMetaObject::connectSlotsByName: No matching signal for on_removeRow_clicked(int)
2020-07-23 15:00:57,655 ERROR int HttpAPI::Init() - "LIBSetHeaderEx res: 2003"
2020-07-23 15:00:57,657 DEBUG FlightReviewResponse HttpAPI::get(const FlightReviewRequest&) - FlightReviewRequest:  QJsonObject({"boardingGate":"02A","date":"2020-07-23","flightNo":"GS6699","gateNo":"T1AF10","isCount":1,"pageNum":1,"pageSize":1000,"queryType":3,"reqId":"667dd638542b41959b8c3994d4aa5031"})
2020-07-23 15:04:16,498 WARN   - QMetaObject::connectSlotsByName: No matching signal for on_orgDepSlider_changed(int)
2020-07-23 15:04:16,498 WARN   - QMetaObject::connectSlotsByName: No matching signal for on_boardingSlider_changed(int)
2020-07-23 15:04:16,498 WARN   - QMetaObject::connectSlotsByName: No matching signal for on_notBoardingSlider_changed(int)
2020-07-23 15:04:16,498 WARN   - QMetaObject::connectSlotsByName: No matching signal for on_removeRow_clicked(int)
2020-07-23 15:04:16,527 WARN   - QMetaObject::connectSlotsByName: No matching signal for on_orgDepSlider_changed(int)
2020-07-23 15:04:16,527 WARN   - QMetaObject::connectSlotsByName: No matching signal for on_boardingSlider_changed(int)
2020-07-23 15:04:16,527 WARN   - QMetaObject::connectSlotsByName: No matching signal for on_notBoardingSlider_changed(int)
2020-07-23 15:04:16,527 WARN   - QMetaObject::connectSlotsByName: No matching signal for on_removeRow_clicked(int)
2020-07-23 15:04:24,371 DEBUG FlightReviewResponse HttpAPI::get(const FlightReviewRequest&) - FlightReviewRequest:  QJsonObject({"boardingGate":"02A","date":"2020-07-23","flightNo":"GS6699","gateNo":"T1AF10","isCount":1,"pageNum":1,"pageSize":1000,"queryType":3,"reqId":"d1d5253ff12c443faf486f3f1257ff3c"})
2020-07-23 15:04:24,394 DEBUG FlightReviewResponse HttpAPI::get(const FlightReviewRequest&) - document:  QJsonDocument({"dataInfo":{"boardingNum":1,"faceNums":8,"manualNum":0,"midwayNum":0,"orgDepNum":7,"recognizeNum":1,"transferNum":1},"msg":"Success","num":8,"reqId":"d1d5253ff12c443faf486f3f1257ff3c","results":[{"boardingLivePhotoPath":"http://172.18.2.25:9090/data-platform-server/api/v1/resource/cache-img?flightDate=20200723&flightNo=GS6699&bdNo=001&cardNo=15043019970907062A&seatId=001A&isBoarding=1","boardingNumber":"001","boardingStatus":1,"boardingTime":"20200723141612","cardNo":"15043019970907062A","flightNumber":"GS6699","id":"20200723_GS6699_001_001A","passengerName":"name","photoPath":"http://172.18.2.25:9090/data-platform-server/api/v1/resource/cache-img?flightDate=20200723&flightNo=GS6699&bdNo=001&cardNo=15043019970907062A&seatId=001A","repeatFlag":0,"seatNumber":"001A","sourceType":4,"updateTime":"20200723110727"},{"boardingLivePhotoPath":null,"boardingNumber":"001","boardingStatus":0,"boardingTime":null,"cardNo":null,"flightNumber":"GS6699","id":"20200723_GS6699_001_019D","passengerName":null,"photoPath":"http://172.18.2.25:9090/data-platform-server/api/v1/resource/cache-img?flightDate=20200723&flightNo=GS6699&bdNo=001&seatId=019D","repeatFlag":0,"seatNumber":"019D","sourceType":0,"updateTime":"20200723110744"},{"boardingLivePhotoPath":null,"boardingNumber":"002","boardingStatus":0,"boardingTime":null,"cardNo":"15043019970907062B","flightNumber":"GS6699","id":"20200723_GS6699_002_002B","passengerName":"name","photoPath":"http://172.18.2.25:9090/data-platform-server/api/v1/resource/cache-img?flightDate=20200723&flightNo=GS6699&bdNo=002&cardNo=15043019970907062B&seatId=002B","repeatFlag":0,"seatNumber":"002B","sourceType":4,"updateTime":"20200723110734"},{"boardingLivePhotoPath":null,"boardingNumber":"003","boardingStatus":0,"boardingTime":null,"cardNo":null,"flightNumber":"GS6699","id":"20200723_GS6699_003_019C","passengerName":null,"photoPath":"http://172.18.2.25:9090/data-platform-server/api/v1/resource/cache-img?flightDate=20200723&flightNo=GS6699&bdNo=003&seatId=019C","repeatFlag":0,"seatNumber":"019C","sourceType":0,"updateTime":"20200723110740"},{"boardingLivePhotoPath":null,"boardingNumber":"005","boardingStatus":0,"boardingTime":null,"cardNo":null,"flightNumber":"GS6699","id":"20200723_GS6699_005_019E","passengerName":null,"photoPath":"http://172.18.2.25:9090/data-platform-server/api/v1/resource/cache-img?flightDate=20200723&flightNo=GS6699&bdNo=005&seatId=019E","repeatFlag":0,"seatNumber":"019E","sourceType":0,"updateTime":"20200723110748"},{"boardingLivePhotoPath":null,"boardingNumber":"005","boardingStatus":0,"boardingTime":null,"cardNo":null,"flightNumber":"GS6699","id":"20200723_GS6699_005_019F","passengerName":null,"photoPath":"http://172.18.2.25:9090/data-platform-server/api/v1/resource/cache-img?flightDate=20200723&flightNo=GS6699&bdNo=005&seatId=019F","repeatFlag":0,"seatNumber":"019F","sourceType":0,"updateTime":"20200723110829"},{"boardingLivePhotoPath":null,"boardingNumber":"005","boardingStatus":0,"boardingTime":null,"cardNo":null,"flightNumber":"GS6699","id":"20200723_GS6699_005_0INF","passengerName":null,"photoPath":"http://172.18.2.25:9090/data-platform-server/api/v1/resource/cache-img?flightDate=20200723&flightNo=GS6699&bdNo=005&seatId=0INF","repeatFlag":0,"seatNumber":"INF","sourceType":0,"updateTime":"20200723110752"},{"boardingLivePhotoPath":null,"boardingNumber":"009","boardingStatus":0,"boardingTime":null,"cardNo":null,"flightNumber":"GS6699","id":"20200723_GS6699_009_000A","passengerName":"","photoPath":"http://172.18.2.25:9090/data-platform-server/api/v1/resource/cache-img?flightDate=20200723&flightNo=GS6699&bdNo=009&seatId=000A","repeatFlag":0,"seatNumber":"000A","sourceType":5,"updateTime":"20200723111545"}],"status":0,"total":8})
2020-07-23 15:29:29,826 WARN   - QMetaObject::connectSlotsByName: No matching signal for on_orgDepSlider_changed(int)
2020-07-23 15:29:29,826 WARN   - QMetaObject::connectSlotsByName: No matching signal for on_boardingSlider_changed(int)
2020-07-23 15:29:29,826 WARN   - QMetaObject::connectSlotsByName: No matching signal for on_notBoardingSlider_changed(int)
2020-07-23 15:29:29,826 WARN   - QMetaObject::connectSlotsByName: No matching signal for on_removeRow_clicked(int)
2020-07-23 15:29:29,856 WARN   - QMetaObject::connectSlotsByName: No matching signal for on_orgDepSlider_changed(int)
2020-07-23 15:29:29,856 WARN   - QMetaObject::connectSlotsByName: No matching signal for on_boardingSlider_changed(int)
2020-07-23 15:29:29,856 WARN   - QMetaObject::connectSlotsByName: No matching signal for on_notBoardingSlider_changed(int)
2020-07-23 15:29:29,856 WARN   - QMetaObject::connectSlotsByName: No matching signal for on_removeRow_clicked(int)
2020-07-23 15:29:37,055 DEBUG FlightReviewResponse HttpAPI::get(const FlightReviewRequest&) - FlightReviewRequest:  QJsonObject({"boardingGate":"02A","date":"2020-07-23","flightNo":"GS6699","gateNo":"T1AF10","isCount":1,"pageNum":1,"pageSize":1000,"queryType":3,"reqId":"d679c58486494e3881651d35995bf12a"})
2020-07-23 15:29:37,074 DEBUG FlightReviewResponse HttpAPI::get(const FlightReviewRequest&) - document:  QJsonDocument({"dataInfo":{"boardingNum":1,"faceNums":8,"manualNum":0,"midwayNum":0,"orgDepNum":7,"recognizeNum":1,"transferNum":1},"msg":"Success","num":8,"reqId":"d679c58486494e3881651d35995bf12a","results":[{"boardingLivePhotoPath":"http://172.18.2.25:9090/data-platform-server/api/v1/resource/cache-img?flightDate=20200723&flightNo=GS6699&bdNo=001&cardNo=15043019970907062A&seatId=001A&isBoarding=1","boardingNumber":"001","boardingStatus":1,"boardingTime":"20200723141612","cardNo":"15043019970907062A","flightNumber":"GS6699","id":"20200723_GS6699_001_001A","passengerName":"name","photoPath":"http://172.18.2.25:9090/data-platform-server/api/v1/resource/cache-img?flightDate=20200723&flightNo=GS6699&bdNo=001&cardNo=15043019970907062A&seatId=001A","repeatFlag":0,"seatNumber":"001A","sourceType":4,"updateTime":"20200723110727"},{"boardingLivePhotoPath":null,"boardingNumber":"001","boardingStatus":0,"boardingTime":null,"cardNo":null,"flightNumber":"GS6699","id":"20200723_GS6699_001_019D","passengerName":null,"photoPath":"http://172.18.2.25:9090/data-platform-server/api/v1/resource/cache-img?flightDate=20200723&flightNo=GS6699&bdNo=001&seatId=019D","repeatFlag":0,"seatNumber":"019D","sourceType":0,"updateTime":"20200723110744"},{"boardingLivePhotoPath":null,"boardingNumber":"002","boardingStatus":0,"boardingTime":null,"cardNo":"15043019970907062B","flightNumber":"GS6699","id":"20200723_GS6699_002_002B","passengerName":"name","photoPath":"http://172.18.2.25:9090/data-platform-server/api/v1/resource/cache-img?flightDate=20200723&flightNo=GS6699&bdNo=002&cardNo=15043019970907062B&seatId=002B","repeatFlag":0,"seatNumber":"002B","sourceType":4,"updateTime":"20200723110734"},{"boardingLivePhotoPath":null,"boardingNumber":"003","boardingStatus":0,"boardingTime":null,"cardNo":null,"flightNumber":"GS6699","id":"20200723_GS6699_003_019C","passengerName":null,"photoPath":"http://172.18.2.25:9090/data-platform-server/api/v1/resource/cache-img?flightDate=20200723&flightNo=GS6699&bdNo=003&seatId=019C","repeatFlag":0,"seatNumber":"019C","sourceType":0,"updateTime":"20200723110740"},{"boardingLivePhotoPath":null,"boardingNumber":"005","boardingStatus":0,"boardingTime":null,"cardNo":null,"flightNumber":"GS6699","id":"20200723_GS6699_005_019E","passengerName":null,"photoPath":"http://172.18.2.25:9090/data-platform-server/api/v1/resource/cache-img?flightDate=20200723&flightNo=GS6699&bdNo=005&seatId=019E","repeatFlag":0,"seatNumber":"019E","sourceType":0,"updateTime":"20200723110748"},{"boardingLivePhotoPath":null,"boardingNumber":"005","boardingStatus":0,"boardingTime":null,"cardNo":null,"flightNumber":"GS6699","id":"20200723_GS6699_005_019F","passengerName":null,"photoPath":"http://172.18.2.25:9090/data-platform-server/api/v1/resource/cache-img?flightDate=20200723&flightNo=GS6699&bdNo=005&seatId=019F","repeatFlag":0,"seatNumber":"019F","sourceType":0,"updateTime":"20200723110829"},{"boardingLivePhotoPath":null,"boardingNumber":"005","boardingStatus":0,"boardingTime":null,"cardNo":null,"flightNumber":"GS6699","id":"20200723_GS6699_005_0INF","passengerName":null,"photoPath":"http://172.18.2.25:9090/data-platform-server/api/v1/resource/cache-img?flightDate=20200723&flightNo=GS6699&bdNo=005&seatId=0INF","repeatFlag":0,"seatNumber":"INF","sourceType":0,"updateTime":"20200723110752"},{"boardingLivePhotoPath":null,"boardingNumber":"009","boardingStatus":0,"boardingTime":null,"cardNo":null,"flightNumber":"GS6699","id":"20200723_GS6699_009_000A","passengerName":"","photoPath":"http://172.18.2.25:9090/data-platform-server/api/v1/resource/cache-img?flightDate=20200723&flightNo=GS6699&bdNo=009&seatId=000A","repeatFlag":0,"seatNumber":"000A","sourceType":5,"updateTime":"20200723111545"}],"status":0,"total":8})
2020-07-23 15:29:38,272 WARN   - QImage::scaled: Image is a null image
2020-07-23 15:30:55,472 WARN   - QMetaObject::connectSlotsByName: No matching signal for on_orgDepSlider_changed(int)
2020-07-23 15:30:55,472 WARN   - QMetaObject::connectSlotsByName: No matching signal for on_boardingSlider_changed(int)
2020-07-23 15:30:55,472 WARN   - QMetaObject::connectSlotsByName: No matching signal for on_notBoardingSlider_changed(int)
2020-07-23 15:30:55,472 WARN   - QMetaObject::connectSlotsByName: No matching signal for on_removeRow_clicked(int)
2020-07-23 15:30:55,503 WARN   - QMetaObject::connectSlotsByName: No matching signal for on_orgDepSlider_changed(int)
2020-07-23 15:30:55,503 WARN   - QMetaObject::connectSlotsByName: No matching signal for on_boardingSlider_changed(int)
2020-07-23 15:30:55,503 WARN   - QMetaObject::connectSlotsByName: No matching signal for on_notBoardingSlider_changed(int)
2020-07-23 15:30:55,503 WARN   - QMetaObject::connectSlotsByName: No matching signal for on_removeRow_clicked(int)
2020-07-23 15:31:03,099 DEBUG FlightReviewResponse HttpAPI::get(const FlightReviewRequest&) - FlightReviewRequest:  QJsonObject({"boardingGate":"02A","date":"2020-07-23","flightNo":"GS6699","gateNo":"T1AF10","isCount":1,"pageNum":1,"pageSize":1000,"queryType":3,"reqId":"e8c2c671962641668a7066b83f19fe2b"})
2020-07-23 15:31:03,152 DEBUG FlightReviewResponse HttpAPI::get(const FlightReviewRequest&) - document:  QJsonDocument({"dataInfo":{"boardingNum":1,"faceNums":8,"manualNum":0,"midwayNum":0,"orgDepNum":7,"recognizeNum":1,"transferNum":1},"msg":"Success","num":8,"reqId":"e8c2c671962641668a7066b83f19fe2b","results":[{"boardingLivePhotoPath":"http://172.18.2.25:9090/data-platform-server/api/v1/resource/cache-img?flightDate=20200723&flightNo=GS6699&bdNo=001&cardNo=15043019970907062A&seatId=001A&isBoarding=1","boardingNumber":"001","boardingStatus":1,"boardingTime":"20200723141612","cardNo":"15043019970907062A","flightNumber":"GS6699","id":"20200723_GS6699_001_001A","passengerName":"name","photoPath":"http://172.18.2.25:9090/data-platform-server/api/v1/resource/cache-img?flightDate=20200723&flightNo=GS6699&bdNo=001&cardNo=15043019970907062A&seatId=001A","repeatFlag":0,"seatNumber":"001A","sourceType":4,"updateTime":"20200723110727"},{"boardingLivePhotoPath":null,"boardingNumber":"001","boardingStatus":0,"boardingTime":null,"cardNo":null,"flightNumber":"GS6699","id":"20200723_GS6699_001_019D","passengerName":null,"photoPath":"http://172.18.2.25:9090/data-platform-server/api/v1/resource/cache-img?flightDate=20200723&flightNo=GS6699&bdNo=001&seatId=019D","repeatFlag":0,"seatNumber":"019D","sourceType":0,"updateTime":"20200723110744"},{"boardingLivePhotoPath":null,"boardingNumber":"002","boardingStatus":0,"boardingTime":null,"cardNo":"15043019970907062B","flightNumber":"GS6699","id":"20200723_GS6699_002_002B","passengerName":"name","photoPath":"http://172.18.2.25:9090/data-platform-server/api/v1/resource/cache-img?flightDate=20200723&flightNo=GS6699&bdNo=002&cardNo=15043019970907062B&seatId=002B","repeatFlag":0,"seatNumber":"002B","sourceType":4,"updateTime":"20200723110734"},{"boardingLivePhotoPath":null,"boardingNumber":"003","boardingStatus":0,"boardingTime":null,"cardNo":null,"flightNumber":"GS6699","id":"20200723_GS6699_003_019C","passengerName":null,"photoPath":"http://172.18.2.25:9090/data-platform-server/api/v1/resource/cache-img?flightDate=20200723&flightNo=GS6699&bdNo=003&seatId=019C","repeatFlag":0,"seatNumber":"019C","sourceType":0,"updateTime":"20200723110740"},{"boardingLivePhotoPath":null,"boardingNumber":"005","boardingStatus":0,"boardingTime":null,"cardNo":null,"flightNumber":"GS6699","id":"20200723_GS6699_005_019E","passengerName":null,"photoPath":"http://172.18.2.25:9090/data-platform-server/api/v1/resource/cache-img?flightDate=20200723&flightNo=GS6699&bdNo=005&seatId=019E","repeatFlag":0,"seatNumber":"019E","sourceType":0,"updateTime":"20200723110748"},{"boardingLivePhotoPath":null,"boardingNumber":"005","boardingStatus":0,"boardingTime":null,"cardNo":null,"flightNumber":"GS6699","id":"20200723_GS6699_005_019F","passengerName":null,"photoPath":"http://172.18.2.25:9090/data-platform-server/api/v1/resource/cache-img?flightDate=20200723&flightNo=GS6699&bdNo=005&seatId=019F","repeatFlag":0,"seatNumber":"019F","sourceType":0,"updateTime":"20200723110829"},{"boardingLivePhotoPath":null,"boardingNumber":"005","boardingStatus":0,"boardingTime":null,"cardNo":null,"flightNumber":"GS6699","id":"20200723_GS6699_005_0INF","passengerName":null,"photoPath":"http://172.18.2.25:9090/data-platform-server/api/v1/resource/cache-img?flightDate=20200723&flightNo=GS6699&bdNo=005&seatId=0INF","repeatFlag":0,"seatNumber":"INF","sourceType":0,"updateTime":"20200723110752"},{"boardingLivePhotoPath":null,"boardingNumber":"009","boardingStatus":0,"boardingTime":null,"cardNo":null,"flightNumber":"GS6699","id":"20200723_GS6699_009_000A","passengerName":"","photoPath":"http://172.18.2.25:9090/data-platform-server/api/v1/resource/cache-img?flightDate=20200723&flightNo=GS6699&bdNo=009&seatId=000A","repeatFlag":0,"seatNumber":"000A","sourceType":5,"updateTime":"20200723111545"}],"status":0,"total":8})
2020-07-23 15:32:01,674 WARN   - QMetaObject::connectSlotsByName: No matching signal for on_orgDepSlider_changed(int)
2020-07-23 15:32:01,674 WARN   - QMetaObject::connectSlotsByName: No matching signal for on_boardingSlider_changed(int)
2020-07-23 15:32:01,674 WARN   - QMetaObject::connectSlotsByName: No matching signal for on_notBoardingSlider_changed(int)
2020-07-23 15:32:01,674 WARN   - QMetaObject::connectSlotsByName: No matching signal for on_removeRow_clicked(int)
2020-07-23 15:32:01,704 WARN   - QMetaObject::connectSlotsByName: No matching signal for on_orgDepSlider_changed(int)
2020-07-23 15:32:01,704 WARN   - QMetaObject::connectSlotsByName: No matching signal for on_boardingSlider_changed(int)
2020-07-23 15:32:01,704 WARN   - QMetaObject::connectSlotsByName: No matching signal for on_notBoardingSlider_changed(int)
2020-07-23 15:32:01,704 WARN   - QMetaObject::connectSlotsByName: No matching signal for on_removeRow_clicked(int)
2020-07-23 15:32:08,944 DEBUG FlightReviewResponse HttpAPI::get(const FlightReviewRequest&) - FlightReviewRequest:  QJsonObject({"boardingGate":"02A","date":"2020-07-23","flightNo":"GS6699","gateNo":"T1AF10","isCount":1,"pageNum":1,"pageSize":1000,"queryType":3,"reqId":"e7353d37b276456b9b19c4e37c34dcf2"})
2020-07-23 15:32:08,994 DEBUG FlightReviewResponse HttpAPI::get(const FlightReviewRequest&) - document:  QJsonDocument({"dataInfo":{"boardingNum":1,"faceNums":8,"manualNum":0,"midwayNum":0,"orgDepNum":7,"recognizeNum":1,"transferNum":1},"msg":"Success","num":8,"reqId":"e7353d37b276456b9b19c4e37c34dcf2","results":[{"boardingLivePhotoPath":"http://172.18.2.25:9090/data-platform-server/api/v1/resource/cache-img?flightDate=20200723&flightNo=GS6699&bdNo=001&cardNo=15043019970907062A&seatId=001A&isBoarding=1","boardingNumber":"001","boardingStatus":1,"boardingTime":"20200723141612","cardNo":"15043019970907062A","flightNumber":"GS6699","id":"20200723_GS6699_001_001A","passengerName":"name","photoPath":"http://172.18.2.25:9090/data-platform-server/api/v1/resource/cache-img?flightDate=20200723&flightNo=GS6699&bdNo=001&cardNo=15043019970907062A&seatId=001A","repeatFlag":0,"seatNumber":"001A","sourceType":4,"updateTime":"20200723110727"},{"boardingLivePhotoPath":null,"boardingNumber":"001","boardingStatus":0,"boardingTime":null,"cardNo":null,"flightNumber":"GS6699","id":"20200723_GS6699_001_019D","passengerName":null,"photoPath":"http://172.18.2.25:9090/data-platform-server/api/v1/resource/cache-img?flightDate=20200723&flightNo=GS6699&bdNo=001&seatId=019D","repeatFlag":0,"seatNumber":"019D","sourceType":0,"updateTime":"20200723110744"},{"boardingLivePhotoPath":null,"boardingNumber":"002","boardingStatus":0,"boardingTime":null,"cardNo":"15043019970907062B","flightNumber":"GS6699","id":"20200723_GS6699_002_002B","passengerName":"name","photoPath":"http://172.18.2.25:9090/data-platform-server/api/v1/resource/cache-img?flightDate=20200723&flightNo=GS6699&bdNo=002&cardNo=15043019970907062B&seatId=002B","repeatFlag":0,"seatNumber":"002B","sourceType":4,"updateTime":"20200723110734"},{"boardingLivePhotoPath":null,"boardingNumber":"003","boardingStatus":0,"boardingTime":null,"cardNo":null,"flightNumber":"GS6699","id":"20200723_GS6699_003_019C","passengerName":null,"photoPath":"http://172.18.2.25:9090/data-platform-server/api/v1/resource/cache-img?flightDate=20200723&flightNo=GS6699&bdNo=003&seatId=019C","repeatFlag":0,"seatNumber":"019C","sourceType":0,"updateTime":"20200723110740"},{"boardingLivePhotoPath":null,"boardingNumber":"005","boardingStatus":0,"boardingTime":null,"cardNo":null,"flightNumber":"GS6699","id":"20200723_GS6699_005_019E","passengerName":null,"photoPath":"http://172.18.2.25:9090/data-platform-server/api/v1/resource/cache-img?flightDate=20200723&flightNo=GS6699&bdNo=005&seatId=019E","repeatFlag":0,"seatNumber":"019E","sourceType":0,"updateTime":"20200723110748"},{"boardingLivePhotoPath":null,"boardingNumber":"005","boardingStatus":0,"boardingTime":null,"cardNo":null,"flightNumber":"GS6699","id":"20200723_GS6699_005_019F","passengerName":null,"photoPath":"http://172.18.2.25:9090/data-platform-server/api/v1/resource/cache-img?flightDate=20200723&flightNo=GS6699&bdNo=005&seatId=019F","repeatFlag":0,"seatNumber":"019F","sourceType":0,"updateTime":"20200723110829"},{"boardingLivePhotoPath":null,"boardingNumber":"005","boardingStatus":0,"boardingTime":null,"cardNo":null,"flightNumber":"GS6699","id":"20200723_GS6699_005_0INF","passengerName":null,"photoPath":"http://172.18.2.25:9090/data-platform-server/api/v1/resource/cache-img?flightDate=20200723&flightNo=GS6699&bdNo=005&seatId=0INF","repeatFlag":0,"seatNumber":"INF","sourceType":0,"updateTime":"20200723110752"},{"boardingLivePhotoPath":null,"boardingNumber":"009","boardingStatus":0,"boardingTime":null,"cardNo":null,"flightNumber":"GS6699","id":"20200723_GS6699_009_000A","passengerName":"","photoPath":"http://172.18.2.25:9090/data-platform-server/api/v1/resource/cache-img?flightDate=20200723&flightNo=GS6699&bdNo=009&seatId=000A","repeatFlag":0,"seatNumber":"000A","sourceType":5,"updateTime":"20200723111545"}],"status":0,"total":8})
2020-07-23 15:32:10,233 WARN   - QImage::scaled: Image is a null image
2020-07-23 15:35:44,618 WARN   - QMetaObject::connectSlotsByName: No matching signal for on_orgDepSlider_changed(int)
2020-07-23 15:35:44,618 WARN   - QMetaObject::connectSlotsByName: No matching signal for on_boardingSlider_changed(int)
2020-07-23 15:35:44,618 WARN   - QMetaObject::connectSlotsByName: No matching signal for on_notBoardingSlider_changed(int)
2020-07-23 15:35:44,618 WARN   - QMetaObject::connectSlotsByName: No matching signal for on_removeRow_clicked(int)
2020-07-23 15:35:44,647 WARN   - QMetaObject::connectSlotsByName: No matching signal for on_orgDepSlider_changed(int)
2020-07-23 15:35:44,647 WARN   - QMetaObject::connectSlotsByName: No matching signal for on_boardingSlider_changed(int)
2020-07-23 15:35:44,647 WARN   - QMetaObject::connectSlotsByName: No matching signal for on_notBoardingSlider_changed(int)
2020-07-23 15:35:44,647 WARN   - QMetaObject::connectSlotsByName: No matching signal for on_removeRow_clicked(int)
2020-07-23 15:36:03,882 DEBUG FlightReviewResponse HttpAPI::get(const FlightReviewRequest&) - FlightReviewRequest:  QJsonObject({"boardingGate":"02A","date":"2020-07-23","flightNo":"GS6699","gateNo":"T1AF10","isCount":1,"pageNum":1,"pageSize":1000,"queryType":3,"reqId":"08cf5238a3ca4be894a841d809bcdece"})
2020-07-23 15:36:03,908 DEBUG FlightReviewResponse HttpAPI::get(const FlightReviewRequest&) - document:  QJsonDocument({"dataInfo":{"boardingNum":1,"faceNums":8,"manualNum":0,"midwayNum":0,"orgDepNum":7,"recognizeNum":1,"transferNum":1},"msg":"Success","num":8,"reqId":"08cf5238a3ca4be894a841d809bcdece","results":[{"boardingLivePhotoPath":"http://172.18.2.25:9090/data-platform-server/api/v1/resource/cache-img?flightDate=20200723&flightNo=GS6699&bdNo=001&cardNo=15043019970907062A&seatId=001A&isBoarding=1","boardingNumber":"001","boardingStatus":1,"boardingTime":"20200723141612","cardNo":"15043019970907062A","flightNumber":"GS6699","id":"20200723_GS6699_001_001A","passengerName":"name","photoPath":"http://172.18.2.25:9090/data-platform-server/api/v1/resource/cache-img?flightDate=20200723&flightNo=GS6699&bdNo=001&cardNo=15043019970907062A&seatId=001A","repeatFlag":0,"seatNumber":"001A","sourceType":4,"updateTime":"20200723110727"},{"boardingLivePhotoPath":null,"boardingNumber":"001","boardingStatus":0,"boardingTime":null,"cardNo":null,"flightNumber":"GS6699","id":"20200723_GS6699_001_019D","passengerName":null,"photoPath":"http://172.18.2.25:9090/data-platform-server/api/v1/resource/cache-img?flightDate=20200723&flightNo=GS6699&bdNo=001&seatId=019D","repeatFlag":0,"seatNumber":"019D","sourceType":0,"updateTime":"20200723110744"},{"boardingLivePhotoPath":null,"boardingNumber":"002","boardingStatus":0,"boardingTime":null,"cardNo":"15043019970907062B","flightNumber":"GS6699","id":"20200723_GS6699_002_002B","passengerName":"name","photoPath":"http://172.18.2.25:9090/data-platform-server/api/v1/resource/cache-img?flightDate=20200723&flightNo=GS6699&bdNo=002&cardNo=15043019970907062B&seatId=002B","repeatFlag":0,"seatNumber":"002B","sourceType":4,"updateTime":"20200723110734"},{"boardingLivePhotoPath":null,"boardingNumber":"003","boardingStatus":0,"boardingTime":null,"cardNo":null,"flightNumber":"GS6699","id":"20200723_GS6699_003_019C","passengerName":null,"photoPath":"http://172.18.2.25:9090/data-platform-server/api/v1/resource/cache-img?flightDate=20200723&flightNo=GS6699&bdNo=003&seatId=019C","repeatFlag":0,"seatNumber":"019C","sourceType":0,"updateTime":"20200723110740"},{"boardingLivePhotoPath":null,"boardingNumber":"005","boardingStatus":0,"boardingTime":null,"cardNo":null,"flightNumber":"GS6699","id":"20200723_GS6699_005_019E","passengerName":null,"photoPath":"http://172.18.2.25:9090/data-platform-server/api/v1/resource/cache-img?flightDate=20200723&flightNo=GS6699&bdNo=005&seatId=019E","repeatFlag":0,"seatNumber":"019E","sourceType":0,"updateTime":"20200723110748"},{"boardingLivePhotoPath":null,"boardingNumber":"005","boardingStatus":0,"boardingTime":null,"cardNo":null,"flightNumber":"GS6699","id":"20200723_GS6699_005_019F","passengerName":null,"photoPath":"http://172.18.2.25:9090/data-platform-server/api/v1/resource/cache-img?flightDate=20200723&flightNo=GS6699&bdNo=005&seatId=019F","repeatFlag":0,"seatNumber":"019F","sourceType":0,"updateTime":"20200723110829"},{"boardingLivePhotoPath":null,"boardingNumber":"005","boardingStatus":0,"boardingTime":null,"cardNo":null,"flightNumber":"GS6699","id":"20200723_GS6699_005_0INF","passengerName":null,"photoPath":"http://172.18.2.25:9090/data-platform-server/api/v1/resource/cache-img?flightDate=20200723&flightNo=GS6699&bdNo=005&seatId=0INF","repeatFlag":0,"seatNumber":"INF","sourceType":0,"updateTime":"20200723110752"},{"boardingLivePhotoPath":null,"boardingNumber":"009","boardingStatus":0,"boardingTime":null,"cardNo":null,"flightNumber":"GS6699","id":"20200723_GS6699_009_000A","passengerName":"","photoPath":"http://172.18.2.25:9090/data-platform-server/api/v1/resource/cache-img?flightDate=20200723&flightNo=GS6699&bdNo=009&seatId=000A","repeatFlag":0,"seatNumber":"000A","sourceType":5,"updateTime":"20200723111545"}],"status":0,"total":8})
2020-07-23 15:36:45,145 WARN   - QMetaObject::connectSlotsByName: No matching signal for on_orgDepSlider_changed(int)
2020-07-23 15:36:45,145 WARN   - QMetaObject::connectSlotsByName: No matching signal for on_boardingSlider_changed(int)
2020-07-23 15:36:45,145 WARN   - QMetaObject::connectSlotsByName: No matching signal for on_notBoardingSlider_changed(int)
2020-07-23 15:36:45,145 WARN   - QMetaObject::connectSlotsByName: No matching signal for on_removeRow_clicked(int)
2020-07-23 15:36:45,175 WARN   - QMetaObject::connectSlotsByName: No matching signal for on_orgDepSlider_changed(int)
2020-07-23 15:36:45,175 WARN   - QMetaObject::connectSlotsByName: No matching signal for on_boardingSlider_changed(int)
2020-07-23 15:36:45,175 WARN   - QMetaObject::connectSlotsByName: No matching signal for on_notBoardingSlider_changed(int)
2020-07-23 15:36:45,175 WARN   - QMetaObject::connectSlotsByName: No matching signal for on_removeRow_clicked(int)
2020-07-23 15:36:53,648 DEBUG FlightReviewResponse HttpAPI::get(const FlightReviewRequest&) - FlightReviewRequest:  QJsonObject({"boardingGate":"02A","date":"2020-07-23","flightNo":"GS6699","gateNo":"T1AF10","isCount":1,"pageNum":1,"pageSize":1000,"queryType":3,"reqId":"79925d0cc57c4a40bf0cd0cb1c74e136"})
2020-07-23 15:36:53,677 DEBUG FlightReviewResponse HttpAPI::get(const FlightReviewRequest&) - document:  QJsonDocument({"dataInfo":{"boardingNum":1,"faceNums":8,"manualNum":0,"midwayNum":0,"orgDepNum":7,"recognizeNum":1,"transferNum":1},"msg":"Success","num":8,"reqId":"79925d0cc57c4a40bf0cd0cb1c74e136","results":[{"boardingLivePhotoPath":"http://172.18.2.25:9090/data-platform-server/api/v1/resource/cache-img?flightDate=20200723&flightNo=GS6699&bdNo=001&cardNo=15043019970907062A&seatId=001A&isBoarding=1","boardingNumber":"001","boardingStatus":1,"boardingTime":"20200723141612","cardNo":"15043019970907062A","flightNumber":"GS6699","id":"20200723_GS6699_001_001A","passengerName":"name","photoPath":"http://172.18.2.25:9090/data-platform-server/api/v1/resource/cache-img?flightDate=20200723&flightNo=GS6699&bdNo=001&cardNo=15043019970907062A&seatId=001A","repeatFlag":0,"seatNumber":"001A","sourceType":4,"updateTime":"20200723110727"},{"boardingLivePhotoPath":null,"boardingNumber":"001","boardingStatus":0,"boardingTime":null,"cardNo":null,"flightNumber":"GS6699","id":"20200723_GS6699_001_019D","passengerName":null,"photoPath":"http://172.18.2.25:9090/data-platform-server/api/v1/resource/cache-img?flightDate=20200723&flightNo=GS6699&bdNo=001&seatId=019D","repeatFlag":0,"seatNumber":"019D","sourceType":0,"updateTime":"20200723110744"},{"boardingLivePhotoPath":null,"boardingNumber":"002","boardingStatus":0,"boardingTime":null,"cardNo":"15043019970907062B","flightNumber":"GS6699","id":"20200723_GS6699_002_002B","passengerName":"name","photoPath":"http://172.18.2.25:9090/data-platform-server/api/v1/resource/cache-img?flightDate=20200723&flightNo=GS6699&bdNo=002&cardNo=15043019970907062B&seatId=002B","repeatFlag":0,"seatNumber":"002B","sourceType":4,"updateTime":"20200723110734"},{"boardingLivePhotoPath":null,"boardingNumber":"003","boardingStatus":0,"boardingTime":null,"cardNo":null,"flightNumber":"GS6699","id":"20200723_GS6699_003_019C","passengerName":null,"photoPath":"http://172.18.2.25:9090/data-platform-server/api/v1/resource/cache-img?flightDate=20200723&flightNo=GS6699&bdNo=003&seatId=019C","repeatFlag":0,"seatNumber":"019C","sourceType":0,"updateTime":"20200723110740"},{"boardingLivePhotoPath":null,"boardingNumber":"005","boardingStatus":0,"boardingTime":null,"cardNo":null,"flightNumber":"GS6699","id":"20200723_GS6699_005_019E","passengerName":null,"photoPath":"http://172.18.2.25:9090/data-platform-server/api/v1/resource/cache-img?flightDate=20200723&flightNo=GS6699&bdNo=005&seatId=019E","repeatFlag":0,"seatNumber":"019E","sourceType":0,"updateTime":"20200723110748"},{"boardingLivePhotoPath":null,"boardingNumber":"005","boardingStatus":0,"boardingTime":null,"cardNo":null,"flightNumber":"GS6699","id":"20200723_GS6699_005_019F","passengerName":null,"photoPath":"http://172.18.2.25:9090/data-platform-server/api/v1/resource/cache-img?flightDate=20200723&flightNo=GS6699&bdNo=005&seatId=019F","repeatFlag":0,"seatNumber":"019F","sourceType":0,"updateTime":"20200723110829"},{"boardingLivePhotoPath":null,"boardingNumber":"005","boardingStatus":0,"boardingTime":null,"cardNo":null,"flightNumber":"GS6699","id":"20200723_GS6699_005_0INF","passengerName":null,"photoPath":"http://172.18.2.25:9090/data-platform-server/api/v1/resource/cache-img?flightDate=20200723&flightNo=GS6699&bdNo=005&seatId=0INF","repeatFlag":0,"seatNumber":"INF","sourceType":0,"updateTime":"20200723110752"},{"boardingLivePhotoPath":null,"boardingNumber":"009","boardingStatus":0,"boardingTime":null,"cardNo":null,"flightNumber":"GS6699","id":"20200723_GS6699_009_000A","passengerName":"","photoPath":"http://172.18.2.25:9090/data-platform-server/api/v1/resource/cache-img?flightDate=20200723&flightNo=GS6699&bdNo=009&seatId=000A","repeatFlag":0,"seatNumber":"000A","sourceType":5,"updateTime":"20200723111545"}],"status":0,"total":8})
